<?xml version="1.0" encoding="UTF-8"?>
<!-- Generated by org.testng.reporters.JUnitReportReporter -->
<testsuite hostname="Techs-MacBook-Air-5.local" failures="0" tests="3" name="testCases.TC2" time="14.061" errors="0" timestamp="2025-02-18T11:43:15 IST" skipped="0">
  <testcase classname="testCases.TC2" name="Presetup" time="8.126"/>
  <system-out/>
  <testcase classname="testCases.TC2" name="navigatetoFormpage" time="2.912"/>
  <system-out/>
  <testcase classname="testCases.TC2" name="formfill" time="3.023"/>
  <system-out/>
</testsuite> <!-- testCases.TC2 -->
