<?xml version="1.0" encoding="UTF-8"?>
<!-- Generated by org.testng.reporters.JUnitReportReporter -->
<testsuite hostname="Techs-MacBook-Air-5.local" failures="0" tests="3" name="testCases.TC3" time="13.257" errors="0" timestamp="2025-02-18T23:52:51 IST" skipped="0">
  <testcase classname="testCases.TC3" name="Presetup" time="10.483"/>
  <system-out/>
  <testcase classname="testCases.TC3" name="navigatetoFormpage" time="2.591"/>
  <system-out/>
  <testcase classname="testCases.TC3" name="formfill" time="0.183"/>
  <system-out/>
</testsuite> <!-- testCases.TC3 -->
